<?xml version="1.0" encoding="UTF-8"?>
<testng-results ignored="0" total="2" passed="1" failed="1" skipped="0">
  <reporter-output>
  </reporter-output>
  <suite started-at="2022-12-12T18:30:27 IST" name="Suite" finished-at="2022-12-12T18:30:55 IST" duration-ms="27745">
    <groups>
      <group name="Smoke">
        <method signature="HomePageTest.verifyLogo()[pri:0, instance:com.gurutelecom.testcases.HomePageTest@7ea9e1e2]" name="verifyLogo" class="com.gurutelecom.testcases.HomePageTest"/>
        <method signature="HomePageTest.verifyTitle()[pri:0, instance:com.gurutelecom.testcases.HomePageTest@7ea9e1e2]" name="verifyTitle" class="com.gurutelecom.testcases.HomePageTest"/>
      </group> <!-- Smoke -->
    </groups>
    <test started-at="2022-12-12T18:30:27 IST" name="SmokeTest" finished-at="2022-12-12T18:30:55 IST" duration-ms="27745">
      <class name="com.gurutelecom.testcases.HomePageTest">
        <test-method is-config="true" signature="readConfig()[pri:0, instance:com.gurutelecom.testcases.HomePageTest@7ea9e1e2]" started-at="2022-12-12T18:30:27 IST" name="readConfig" finished-at="2022-12-12T18:30:27 IST" duration-ms="12" status="PASS">
          <reporter-output>
          </reporter-output>
        </test-method> <!-- readConfig -->
        <test-method is-config="true" signature="Setup(java.lang.String)[pri:0, instance:com.gurutelecom.testcases.HomePageTest@7ea9e1e2]" started-at="2022-12-12T18:30:27 IST" name="Setup" finished-at="2022-12-12T18:30:41 IST" duration-ms="14418" status="PASS">
          <params>
            <param index="0">
              <value>
                <![CDATA[Chrome]]>
              </value>
            </param>
          </params>
          <reporter-output>
          </reporter-output>
        </test-method> <!-- Setup -->
        <test-method signature="verifyLogo()[pri:0, instance:com.gurutelecom.testcases.HomePageTest@7ea9e1e2]" started-at="2022-12-12T18:30:41 IST" name="verifyLogo" finished-at="2022-12-12T18:30:43 IST" duration-ms="1666" status="PASS">
          <reporter-output>
          </reporter-output>
        </test-method> <!-- verifyLogo -->
        <test-method is-config="true" signature="tearDown()[pri:0, instance:com.gurutelecom.testcases.HomePageTest@7ea9e1e2]" started-at="2022-12-12T18:30:43 IST" name="tearDown" finished-at="2022-12-12T18:30:44 IST" duration-ms="596" status="PASS">
          <reporter-output>
          </reporter-output>
        </test-method> <!-- tearDown -->
        <test-method is-config="true" signature="Setup(java.lang.String)[pri:0, instance:com.gurutelecom.testcases.HomePageTest@7ea9e1e2]" started-at="2022-12-12T18:30:44 IST" name="Setup" finished-at="2022-12-12T18:30:53 IST" duration-ms="9784" status="PASS">
          <params>
            <param index="0">
              <value>
                <![CDATA[Chrome]]>
              </value>
            </param>
          </params>
          <reporter-output>
          </reporter-output>
        </test-method> <!-- Setup -->
        <test-method signature="verifyTitle()[pri:0, instance:com.gurutelecom.testcases.HomePageTest@7ea9e1e2]" started-at="2022-12-12T18:30:53 IST" name="verifyTitle" finished-at="2022-12-12T18:30:54 IST" duration-ms="88" status="FAIL">
          <exception class="java.lang.AssertionError">
            <message>
              <![CDATA[expected [Guru99 Telecom1] but found [Guru99 Telecom]]]>
            </message>
            <full-stacktrace>
              <![CDATA[java.lang.AssertionError: expected [Guru99 Telecom1] but found [Guru99 Telecom]
at org.testng.Assert.fail(Assert.java:97)
at org.testng.Assert.assertEqualsImpl(Assert.java:136)
at org.testng.Assert.assertEquals(Assert.java:118)
at org.testng.Assert.assertEquals(Assert.java:575)
at org.testng.Assert.assertEquals(Assert.java:585)
at com.gurutelecom.testcases.HomePageTest.verifyTitle(HomePageTest.java:46)
at java.base/jdk.internal.reflect.DirectMethodHandleAccessor.invoke(DirectMethodHandleAccessor.java:104)
at java.base/java.lang.reflect.Method.invoke(Method.java:577)
at org.testng.internal.MethodInvocationHelper.invokeMethod(MethodInvocationHelper.java:134)
at org.testng.internal.TestInvoker.invokeMethod(TestInvoker.java:597)
at org.testng.internal.TestInvoker.invokeTestMethod(TestInvoker.java:173)
at org.testng.internal.MethodRunner.runInSequence(MethodRunner.java:46)
at org.testng.internal.TestInvoker$MethodInvocationAgent.invoke(TestInvoker.java:816)
at org.testng.internal.TestInvoker.invokeTestMethods(TestInvoker.java:146)
at org.testng.internal.TestMethodWorker.invokeTestMethods(TestMethodWorker.java:146)
at org.testng.internal.TestMethodWorker.run(TestMethodWorker.java:128)
at java.base/java.util.ArrayList.forEach(ArrayList.java:1511)
at org.testng.TestRunner.privateRun(TestRunner.java:766)
at org.testng.TestRunner.run(TestRunner.java:587)
at org.testng.SuiteRunner.runTest(SuiteRunner.java:384)
at org.testng.SuiteRunner.runSequentially(SuiteRunner.java:378)
at org.testng.SuiteRunner.privateRun(SuiteRunner.java:337)
at org.testng.SuiteRunner.run(SuiteRunner.java:286)
at org.testng.SuiteRunnerWorker.runSuite(SuiteRunnerWorker.java:53)
at org.testng.SuiteRunnerWorker.run(SuiteRunnerWorker.java:96)
at org.testng.TestNG.runSuitesSequentially(TestNG.java:1187)
at org.testng.TestNG.runSuitesLocally(TestNG.java:1109)
at org.testng.TestNG.runSuites(TestNG.java:1039)
at org.testng.TestNG.run(TestNG.java:1007)
at org.testng.remote.AbstractRemoteTestNG.run(AbstractRemoteTestNG.java:115)
at org.testng.remote.RemoteTestNG.initAndRun(RemoteTestNG.java:251)
at org.testng.remote.RemoteTestNG.main(RemoteTestNG.java:77)
]]>
            </full-stacktrace>
          </exception> <!-- java.lang.AssertionError -->
          <reporter-output>
          </reporter-output>
        </test-method> <!-- verifyTitle -->
        <test-method is-config="true" signature="tearDown()[pri:0, instance:com.gurutelecom.testcases.HomePageTest@7ea9e1e2]" started-at="2022-12-12T18:30:54 IST" name="tearDown" finished-at="2022-12-12T18:30:55 IST" duration-ms="473" status="PASS">
          <reporter-output>
          </reporter-output>
        </test-method> <!-- tearDown -->
      </class> <!-- com.gurutelecom.testcases.HomePageTest -->
    </test> <!-- SmokeTest -->
  </suite> <!-- Suite -->
</testng-results>
